<?xml version="1.0" encoding="UTF-8"?>
<!-- Generated by org.testng.reporters.JUnitReportReporter -->
<testsuite hostname="DESKTOP-IEPVL3O" failures="0" tests="2" name="qa.LoginTest" time="2.889" errors="0" timestamp="2023-07-06T20:39:12 IST" skipped="0">
  <testcase classname="qa.LoginTest" name="verifyLoginCredentials" time="2.599"/>
  <system-out/>
  <testcase classname="qa.LoginTest" name="verifyLoginButtonFun" time="0.290"/>
  <system-out/>
</testsuite> <!-- qa.LoginTest -->
