<?xml version="1.0" encoding="UTF-8"?>
<!-- Generated by org.testng.reporters.JUnitReportReporter -->
<testsuite hostname="DESKTOP-948JMU8" failures="0" tests="2" name="qa.LoginTest" time="2.212" errors="0" timestamp="2023-08-06T11:53:14 IST" skipped="0">
  <testcase classname="qa.LoginTest" name="verifyLoginCredentials" time="2.133"/>
  <system-out/>
  <testcase classname="qa.LoginTest" name="verifyLoginButtonFun" time="0.079"/>
  <system-out/>
</testsuite> <!-- qa.LoginTest -->
