<?xml version="1.0" encoding="UTF-8"?>
<!-- Generated by org.testng.reporters.JUnitReportReporter -->
<testsuite hostname="DESKTOP-948JMU8" failures="0" tests="2" name="qa.AddToCartTest" time="0.138" errors="0" timestamp="2023-08-06T11:53:14 IST" skipped="0">
  <testcase classname="qa.AddToCartTest" name="verifySort" time="0.106"/>
  <system-out/>
  <testcase classname="qa.AddToCartTest" name="verifyAddToCart" time="0.032"/>
  <system-out/>
</testsuite> <!-- qa.AddToCartTest -->
